::1 - - [12/Jan/2022:23:03:29 -0500] "GET / HTTP/1.1" 500 538446 "-" "Mozilla/5.0 (Macintosh; Intel Mac OS X 10_15_7) AppleWebKit/537.36 (KHTML, like Gecko) Chrome/97.0.4692.71 Safari/537.36"
::1 - - [12/Jan/2022:23:06:03 -0500] "GET / HTTP/1.1" 500 538446 "-" "Mozilla/5.0 (Macintosh; Intel Mac OS X 10_15_7) AppleWebKit/537.36 (KHTML, like Gecko) Chrome/97.0.4692.71 Safari/537.36"
::1 - - [12/Jan/2022:23:10:58 -0500] "GET / HTTP/1.1" 200 2445 "-" "Mozilla/5.0 (Macintosh; Intel Mac OS X 10_15_7) AppleWebKit/537.36 (KHTML, like Gecko) Chrome/97.0.4692.71 Safari/537.36"
::1 - - [12/Jan/2022:23:12:15 -0500] "GET / HTTP/1.1" 200 2445 "-" "Mozilla/5.0 (Macintosh; Intel Mac OS X 10_15_7) AppleWebKit/537.36 (KHTML, like Gecko) Chrome/97.0.4692.71 Safari/537.36"
::1 - - [12/Jan/2022:23:12:18 -0500] "GET / HTTP/1.1" 200 2445 "-" "Mozilla/5.0 (Macintosh; Intel Mac OS X 10_15_7) AppleWebKit/537.36 (KHTML, like Gecko) Chrome/97.0.4692.71 Safari/537.36"
::1 - - [12/Jan/2022:23:14:59 -0500] "GET / HTTP/1.1" 200 2781 "-" "Mozilla/5.0 (Macintosh; Intel Mac OS X 10_15_7) AppleWebKit/537.36 (KHTML, like Gecko) Chrome/97.0.4692.71 Safari/537.36"
::1 - - [12/Jan/2022:23:15:02 -0500] "GET /login HTTP/1.1" 200 4893 "http://laravel150.localhost/" "Mozilla/5.0 (Macintosh; Intel Mac OS X 10_15_7) AppleWebKit/537.36 (KHTML, like Gecko) Chrome/97.0.4692.71 Safari/537.36"
::1 - - [12/Jan/2022:23:15:02 -0500] "GET /js/app.js HTTP/1.1" 200 1126734 "http://laravel150.localhost/login" "Mozilla/5.0 (Macintosh; Intel Mac OS X 10_15_7) AppleWebKit/537.36 (KHTML, like Gecko) Chrome/97.0.4692.71 Safari/537.36"
::1 - - [12/Jan/2022:23:15:02 -0500] "GET /css/app.css HTTP/1.1" 200 183949 "http://laravel150.localhost/login" "Mozilla/5.0 (Macintosh; Intel Mac OS X 10_15_7) AppleWebKit/537.36 (KHTML, like Gecko) Chrome/97.0.4692.71 Safari/537.36"
::1 - - [12/Jan/2022:23:15:10 -0500] "GET /register HTTP/1.1" 200 4952 "http://laravel150.localhost/login" "Mozilla/5.0 (Macintosh; Intel Mac OS X 10_15_7) AppleWebKit/537.36 (KHTML, like Gecko) Chrome/97.0.4692.71 Safari/537.36"
::1 - - [12/Jan/2022:23:15:10 -0500] "GET /js/app.js HTTP/1.1" 304 - "http://laravel150.localhost/register" "Mozilla/5.0 (Macintosh; Intel Mac OS X 10_15_7) AppleWebKit/537.36 (KHTML, like Gecko) Chrome/97.0.4692.71 Safari/537.36"
::1 - - [12/Jan/2022:23:15:10 -0500] "GET /css/app.css HTTP/1.1" 304 - "http://laravel150.localhost/register" "Mozilla/5.0 (Macintosh; Intel Mac OS X 10_15_7) AppleWebKit/537.36 (KHTML, like Gecko) Chrome/97.0.4692.71 Safari/537.36"
::1 - - [12/Jan/2022:23:16:28 -0500] "GET / HTTP/1.1" 200 2781 "http://laravel150.localhost/register" "Mozilla/5.0 (Macintosh; Intel Mac OS X 10_15_7) AppleWebKit/537.36 (KHTML, like Gecko) Chrome/97.0.4692.71 Safari/537.36"
::1 - - [13/Jan/2022:07:22:00 -0500] "GET / HTTP/1.1" 200 2781 "-" "Mozilla/5.0 (Macintosh; Intel Mac OS X 10_15_7) AppleWebKit/537.36 (KHTML, like Gecko) Chrome/97.0.4692.71 Safari/537.36"
::1 - - [13/Jan/2022:07:22:00 -0500] "GET /favicon.ico HTTP/1.1" 200 - "http://laravel150.localhost/" "Mozilla/5.0 (Macintosh; Intel Mac OS X 10_15_7) AppleWebKit/537.36 (KHTML, like Gecko) Chrome/97.0.4692.71 Safari/537.36"
::1 - - [13/Jan/2022:07:22:28 -0500] "GET /login HTTP/1.1" 200 4893 "http://laravel150.localhost/" "Mozilla/5.0 (Macintosh; Intel Mac OS X 10_15_7) AppleWebKit/537.36 (KHTML, like Gecko) Chrome/97.0.4692.71 Safari/537.36"
::1 - - [13/Jan/2022:07:22:29 -0500] "GET /js/app.js HTTP/1.1" 304 - "http://laravel150.localhost/login" "Mozilla/5.0 (Macintosh; Intel Mac OS X 10_15_7) AppleWebKit/537.36 (KHTML, like Gecko) Chrome/97.0.4692.71 Safari/537.36"
::1 - - [13/Jan/2022:07:22:29 -0500] "GET /css/app.css HTTP/1.1" 304 - "http://laravel150.localhost/login" "Mozilla/5.0 (Macintosh; Intel Mac OS X 10_15_7) AppleWebKit/537.36 (KHTML, like Gecko) Chrome/97.0.4692.71 Safari/537.36"
::1 - - [13/Jan/2022:07:22:49 -0500] "GET /register HTTP/1.1" 200 4952 "http://laravel150.localhost/login" "Mozilla/5.0 (Macintosh; Intel Mac OS X 10_15_7) AppleWebKit/537.36 (KHTML, like Gecko) Chrome/97.0.4692.71 Safari/537.36"
::1 - - [13/Jan/2022:07:23:13 -0500] "POST /register HTTP/1.1" 302 374 "http://laravel150.localhost/register" "Mozilla/5.0 (Macintosh; Intel Mac OS X 10_15_7) AppleWebKit/537.36 (KHTML, like Gecko) Chrome/97.0.4692.71 Safari/537.36"
::1 - - [13/Jan/2022:07:23:13 -0500] "GET /home HTTP/1.1" 200 3325 "http://laravel150.localhost/register" "Mozilla/5.0 (Macintosh; Intel Mac OS X 10_15_7) AppleWebKit/537.36 (KHTML, like Gecko) Chrome/97.0.4692.71 Safari/537.36"
::1 - - [13/Jan/2022:07:23:17 -0500] "GET / HTTP/1.1" 200 2642 "http://laravel150.localhost/home" "Mozilla/5.0 (Macintosh; Intel Mac OS X 10_15_7) AppleWebKit/537.36 (KHTML, like Gecko) Chrome/97.0.4692.71 Safari/537.36"
::1 - - [13/Jan/2022:07:23:20 -0500] "GET /home HTTP/1.1" 200 3325 "http://laravel150.localhost/" "Mozilla/5.0 (Macintosh; Intel Mac OS X 10_15_7) AppleWebKit/537.36 (KHTML, like Gecko) Chrome/97.0.4692.71 Safari/537.36"
::1 - - [13/Jan/2022:07:23:26 -0500] "POST /logout HTTP/1.1" 302 354 "http://laravel150.localhost/home" "Mozilla/5.0 (Macintosh; Intel Mac OS X 10_15_7) AppleWebKit/537.36 (KHTML, like Gecko) Chrome/97.0.4692.71 Safari/537.36"
::1 - - [13/Jan/2022:07:23:26 -0500] "GET / HTTP/1.1" 200 2781 "http://laravel150.localhost/home" "Mozilla/5.0 (Macintosh; Intel Mac OS X 10_15_7) AppleWebKit/537.36 (KHTML, like Gecko) Chrome/97.0.4692.71 Safari/537.36"
::1 - - [13/Jan/2022:07:23:27 -0500] "GET /login HTTP/1.1" 200 4893 "http://laravel150.localhost/" "Mozilla/5.0 (Macintosh; Intel Mac OS X 10_15_7) AppleWebKit/537.36 (KHTML, like Gecko) Chrome/97.0.4692.71 Safari/537.36"
::1 - - [13/Jan/2022:07:23:29 -0500] "GET /register HTTP/1.1" 200 4952 "http://laravel150.localhost/login" "Mozilla/5.0 (Macintosh; Intel Mac OS X 10_15_7) AppleWebKit/537.36 (KHTML, like Gecko) Chrome/97.0.4692.71 Safari/537.36"
::1 - - [13/Jan/2022:07:23:49 -0500] "POST /register HTTP/1.1" 302 374 "http://laravel150.localhost/register" "Mozilla/5.0 (Macintosh; Intel Mac OS X 10_15_7) AppleWebKit/537.36 (KHTML, like Gecko) Chrome/97.0.4692.71 Safari/537.36"
::1 - - [13/Jan/2022:07:23:50 -0500] "GET /home HTTP/1.1" 200 3323 "http://laravel150.localhost/register" "Mozilla/5.0 (Macintosh; Intel Mac OS X 10_15_7) AppleWebKit/537.36 (KHTML, like Gecko) Chrome/97.0.4692.71 Safari/537.36"
::1 - - [13/Jan/2022:07:23:58 -0500] "POST /logout HTTP/1.1" 302 354 "http://laravel150.localhost/home" "Mozilla/5.0 (Macintosh; Intel Mac OS X 10_15_7) AppleWebKit/537.36 (KHTML, like Gecko) Chrome/97.0.4692.71 Safari/537.36"
::1 - - [13/Jan/2022:07:23:58 -0500] "GET / HTTP/1.1" 200 2781 "http://laravel150.localhost/home" "Mozilla/5.0 (Macintosh; Intel Mac OS X 10_15_7) AppleWebKit/537.36 (KHTML, like Gecko) Chrome/97.0.4692.71 Safari/537.36"
::1 - - [13/Jan/2022:07:24:00 -0500] "GET /register HTTP/1.1" 200 4952 "http://laravel150.localhost/" "Mozilla/5.0 (Macintosh; Intel Mac OS X 10_15_7) AppleWebKit/537.36 (KHTML, like Gecko) Chrome/97.0.4692.71 Safari/537.36"
::1 - - [13/Jan/2022:07:24:24 -0500] "POST /register HTTP/1.1" 302 374 "http://laravel150.localhost/register" "Mozilla/5.0 (Macintosh; Intel Mac OS X 10_15_7) AppleWebKit/537.36 (KHTML, like Gecko) Chrome/97.0.4692.71 Safari/537.36"
::1 - - [13/Jan/2022:07:24:25 -0500] "GET /home HTTP/1.1" 200 3325 "http://laravel150.localhost/register" "Mozilla/5.0 (Macintosh; Intel Mac OS X 10_15_7) AppleWebKit/537.36 (KHTML, like Gecko) Chrome/97.0.4692.71 Safari/537.36"
::1 - - [13/Jan/2022:07:24:29 -0500] "POST /logout HTTP/1.1" 302 354 "http://laravel150.localhost/home" "Mozilla/5.0 (Macintosh; Intel Mac OS X 10_15_7) AppleWebKit/537.36 (KHTML, like Gecko) Chrome/97.0.4692.71 Safari/537.36"
::1 - - [13/Jan/2022:07:24:29 -0500] "GET / HTTP/1.1" 200 2781 "http://laravel150.localhost/home" "Mozilla/5.0 (Macintosh; Intel Mac OS X 10_15_7) AppleWebKit/537.36 (KHTML, like Gecko) Chrome/97.0.4692.71 Safari/537.36"
::1 - - [13/Jan/2022:07:55:28 -0500] "GET / HTTP/1.1" 500 539235 "-" "Mozilla/5.0 (Macintosh; Intel Mac OS X 10_15_7) AppleWebKit/537.36 (KHTML, like Gecko) Chrome/97.0.4692.71 Safari/537.36"
::1 - - [13/Jan/2022:07:56:03 -0500] "GET / HTTP/1.1" 200 2781 "-" "Mozilla/5.0 (Macintosh; Intel Mac OS X 10_15_7) AppleWebKit/537.36 (KHTML, like Gecko) Chrome/97.0.4692.71 Safari/537.36"
::1 - - [13/Jan/2022:07:56:07 -0500] "GET /login HTTP/1.1" 200 4893 "http://laravel150.localhost/" "Mozilla/5.0 (Macintosh; Intel Mac OS X 10_15_7) AppleWebKit/537.36 (KHTML, like Gecko) Chrome/97.0.4692.71 Safari/537.36"
::1 - - [13/Jan/2022:07:56:14 -0500] "POST /login HTTP/1.1" 302 378 "http://laravel150.localhost/login" "Mozilla/5.0 (Macintosh; Intel Mac OS X 10_15_7) AppleWebKit/537.36 (KHTML, like Gecko) Chrome/97.0.4692.71 Safari/537.36"
::1 - - [13/Jan/2022:07:56:14 -0500] "GET /login HTTP/1.1" 200 5180 "http://laravel150.localhost/login" "Mozilla/5.0 (Macintosh; Intel Mac OS X 10_15_7) AppleWebKit/537.36 (KHTML, like Gecko) Chrome/97.0.4692.71 Safari/537.36"
::1 - - [13/Jan/2022:07:56:19 -0500] "POST /login HTTP/1.1" 302 374 "http://laravel150.localhost/login" "Mozilla/5.0 (Macintosh; Intel Mac OS X 10_15_7) AppleWebKit/537.36 (KHTML, like Gecko) Chrome/97.0.4692.71 Safari/537.36"
::1 - - [13/Jan/2022:07:56:19 -0500] "GET /home HTTP/1.1" 200 3323 "http://laravel150.localhost/login" "Mozilla/5.0 (Macintosh; Intel Mac OS X 10_15_7) AppleWebKit/537.36 (KHTML, like Gecko) Chrome/97.0.4692.71 Safari/537.36"
::1 - - [13/Jan/2022:08:01:33 -0500] "GET /api/users HTTP/1.1" 200 17 "-" "Mozilla/5.0 (Macintosh; Intel Mac OS X 10_15_7) AppleWebKit/537.36 (KHTML, like Gecko) Chrome/97.0.4692.71 Safari/537.36"
::1 - - [13/Jan/2022:08:03:00 -0500] "GET /api/users HTTP/1.1" 200 15 "-" "Mozilla/5.0 (Macintosh; Intel Mac OS X 10_15_7) AppleWebKit/537.36 (KHTML, like Gecko) Chrome/97.0.4692.71 Safari/537.36"
::1 - - [13/Jan/2022:08:04:14 -0500] "GET /api/users HTTP/1.1" 500 592092 "-" "Mozilla/5.0 (Macintosh; Intel Mac OS X 10_15_7) AppleWebKit/537.36 (KHTML, like Gecko) Chrome/97.0.4692.71 Safari/537.36"
::1 - - [13/Jan/2022:08:04:21 -0500] "GET /api/users HTTP/1.1" 200 502 "-" "Mozilla/5.0 (Macintosh; Intel Mac OS X 10_15_7) AppleWebKit/537.36 (KHTML, like Gecko) Chrome/97.0.4692.71 Safari/537.36"
::1 - - [13/Jan/2022:08:07:51 -0500] "GET /api/users/1 HTTP/1.1" 200 169 "-" "Mozilla/5.0 (Macintosh; Intel Mac OS X 10_15_7) AppleWebKit/537.36 (KHTML, like Gecko) Chrome/97.0.4692.71 Safari/537.36"
::1 - - [13/Jan/2022:08:07:55 -0500] "GET /api/users/2 HTTP/1.1" 200 161 "-" "Mozilla/5.0 (Macintosh; Intel Mac OS X 10_15_7) AppleWebKit/537.36 (KHTML, like Gecko) Chrome/97.0.4692.71 Safari/537.36"
::1 - - [13/Jan/2022:08:07:59 -0500] "GET /api/users/3 HTTP/1.1" 200 168 "-" "Mozilla/5.0 (Macintosh; Intel Mac OS X 10_15_7) AppleWebKit/537.36 (KHTML, like Gecko) Chrome/97.0.4692.71 Safari/537.36"
::1 - - [13/Jan/2022:08:08:03 -0500] "GET /api/users/8 HTTP/1.1" 404 1552 "-" "Mozilla/5.0 (Macintosh; Intel Mac OS X 10_15_7) AppleWebKit/537.36 (KHTML, like Gecko) Chrome/97.0.4692.71 Safari/537.36"
::1 - - [13/Jan/2022:08:09:54 -0500] "GET /api/users HTTP/1.1" 500 594845 "-" "Mozilla/5.0 (Macintosh; Intel Mac OS X 10_15_7) AppleWebKit/537.36 (KHTML, like Gecko) Chrome/97.0.4692.71 Safari/537.36"
::1 - - [13/Jan/2022:08:10:05 -0500] "GET /api/users HTTP/1.1" 200 502 "-" "Mozilla/5.0 (Macintosh; Intel Mac OS X 10_15_7) AppleWebKit/537.36 (KHTML, like Gecko) Chrome/97.0.4692.71 Safari/537.36"
::1 - - [13/Jan/2022:12:16:30 -0500] "GET /api/users HTTP/1.1" 200 502 "-" "Mozilla/5.0 (Macintosh; Intel Mac OS X 10_15_7) AppleWebKit/537.36 (KHTML, like Gecko) Chrome/97.0.4692.71 Safari/537.36"
::1 - - [13/Jan/2022:12:16:33 -0500] "GET /api/users/3 HTTP/1.1" 200 168 "-" "Mozilla/5.0 (Macintosh; Intel Mac OS X 10_15_7) AppleWebKit/537.36 (KHTML, like Gecko) Chrome/97.0.4692.71 Safari/537.36"
::1 - - [13/Jan/2022:12:17:29 -0500] "GET /api/users/3 HTTP/1.1" 200 168 "-" "Mozilla/5.0 (Macintosh; Intel Mac OS X 10_15_7) AppleWebKit/537.36 (KHTML, like Gecko) Chrome/97.0.4692.71 Safari/537.36"
::1 - - [13/Jan/2022:12:17:31 -0500] "GET /api/users HTTP/1.1" 200 502 "-" "Mozilla/5.0 (Macintosh; Intel Mac OS X 10_15_7) AppleWebKit/537.36 (KHTML, like Gecko) Chrome/97.0.4692.71 Safari/537.36"
::1 - - [13/Jan/2022:12:17:33 -0500] "GET /home HTTP/1.1" 500 587280 "http://laravel150.localhost/login" "Mozilla/5.0 (Macintosh; Intel Mac OS X 10_15_7) AppleWebKit/537.36 (KHTML, like Gecko) Chrome/97.0.4692.71 Safari/537.36"
::1 - - [13/Jan/2022:12:17:41 -0500] "GET /home HTTP/1.1" 500 587280 "http://laravel150.localhost/login" "Mozilla/5.0 (Macintosh; Intel Mac OS X 10_15_7) AppleWebKit/537.36 (KHTML, like Gecko) Chrome/97.0.4692.71 Safari/537.36"
::1 - - [13/Jan/2022:12:17:42 -0500] "GET /home HTTP/1.1" 500 587280 "http://laravel150.localhost/login" "Mozilla/5.0 (Macintosh; Intel Mac OS X 10_15_7) AppleWebKit/537.36 (KHTML, like Gecko) Chrome/97.0.4692.71 Safari/537.36"
::1 - - [13/Jan/2022:12:27:03 -0500] "GET /home HTTP/1.1" 302 378 "http://laravel150.localhost/login" "Mozilla/5.0 (Macintosh; Intel Mac OS X 10_15_7) AppleWebKit/537.36 (KHTML, like Gecko) Chrome/97.0.4692.71 Safari/537.36"
::1 - - [13/Jan/2022:12:27:03 -0500] "GET /login HTTP/1.1" 200 4893 "http://laravel150.localhost/login" "Mozilla/5.0 (Macintosh; Intel Mac OS X 10_15_7) AppleWebKit/537.36 (KHTML, like Gecko) Chrome/97.0.4692.71 Safari/537.36"
::1 - - [13/Jan/2022:12:27:03 -0500] "GET /css/app.css HTTP/1.1" 304 - "http://laravel150.localhost/login" "Mozilla/5.0 (Macintosh; Intel Mac OS X 10_15_7) AppleWebKit/537.36 (KHTML, like Gecko) Chrome/97.0.4692.71 Safari/537.36"
::1 - - [13/Jan/2022:12:27:03 -0500] "GET /js/app.js HTTP/1.1" 200 1126734 "http://laravel150.localhost/login" "Mozilla/5.0 (Macintosh; Intel Mac OS X 10_15_7) AppleWebKit/537.36 (KHTML, like Gecko) Chrome/97.0.4692.71 Safari/537.36"
::1 - - [13/Jan/2022:12:27:06 -0500] "GET / HTTP/1.1" 200 2781 "http://laravel150.localhost/login" "Mozilla/5.0 (Macintosh; Intel Mac OS X 10_15_7) AppleWebKit/537.36 (KHTML, like Gecko) Chrome/97.0.4692.71 Safari/537.36"
::1 - - [13/Jan/2022:12:27:07 -0500] "GET /login HTTP/1.1" 200 4893 "http://laravel150.localhost/" "Mozilla/5.0 (Macintosh; Intel Mac OS X 10_15_7) AppleWebKit/537.36 (KHTML, like Gecko) Chrome/97.0.4692.71 Safari/537.36"
::1 - - [13/Jan/2022:12:27:14 -0500] "POST /login HTTP/1.1" 302 374 "http://laravel150.localhost/login" "Mozilla/5.0 (Macintosh; Intel Mac OS X 10_15_7) AppleWebKit/537.36 (KHTML, like Gecko) Chrome/97.0.4692.71 Safari/537.36"
::1 - - [13/Jan/2022:12:27:14 -0500] "GET /home HTTP/1.1" 200 3323 "http://laravel150.localhost/login" "Mozilla/5.0 (Macintosh; Intel Mac OS X 10_15_7) AppleWebKit/537.36 (KHTML, like Gecko) Chrome/97.0.4692.71 Safari/537.36"
::1 - - [13/Jan/2022:12:27:18 -0500] "GET /api/users HTTP/1.1" 500 595906 "-" "Mozilla/5.0 (Macintosh; Intel Mac OS X 10_15_7) AppleWebKit/537.36 (KHTML, like Gecko) Chrome/97.0.4692.71 Safari/537.36"
::1 - - [13/Jan/2022:12:27:21 -0500] "GET /api/users/3 HTTP/1.1" 500 611288 "-" "Mozilla/5.0 (Macintosh; Intel Mac OS X 10_15_7) AppleWebKit/537.36 (KHTML, like Gecko) Chrome/97.0.4692.71 Safari/537.36"
::1 - - [13/Jan/2022:12:28:00 -0500] "GET /api/users HTTP/1.1" 200 502 "-" "Mozilla/5.0 (Macintosh; Intel Mac OS X 10_15_7) AppleWebKit/537.36 (KHTML, like Gecko) Chrome/97.0.4692.71 Safari/537.36"
::1 - - [13/Jan/2022:12:28:29 -0500] "GET /api/users/3 HTTP/1.1" 200 168 "-" "Mozilla/5.0 (Macintosh; Intel Mac OS X 10_15_7) AppleWebKit/537.36 (KHTML, like Gecko) Chrome/97.0.4692.71 Safari/537.36"
::1 - - [13/Jan/2022:12:31:40 -0500] "GET /api/users/3 HTTP/1.1" 200 168 "-" "Mozilla/5.0 (Macintosh; Intel Mac OS X 10_15_7) AppleWebKit/537.36 (KHTML, like Gecko) Chrome/97.0.4692.71 Safari/537.36"
::1 - - [13/Jan/2022:12:31:42 -0500] "GET /api/users HTTP/1.1" 200 502 "-" "Mozilla/5.0 (Macintosh; Intel Mac OS X 10_15_7) AppleWebKit/537.36 (KHTML, like Gecko) Chrome/97.0.4692.71 Safari/537.36"
::1 - - [13/Jan/2022:12:31:45 -0500] "GET /api/users/3 HTTP/1.1" 200 168 "-" "Mozilla/5.0 (Macintosh; Intel Mac OS X 10_15_7) AppleWebKit/537.36 (KHTML, like Gecko) Chrome/97.0.4692.71 Safari/537.36"
::1 - - [13/Jan/2022:12:33:31 -0500] "GET /api/users/3 HTTP/1.1" 200 168 "-" "Mozilla/5.0 (Macintosh; Intel Mac OS X 10_15_7) AppleWebKit/537.36 (KHTML, like Gecko) Chrome/97.0.4692.71 Safari/537.36"
::1 - - [13/Jan/2022:12:33:33 -0500] "GET /api/users HTTP/1.1" 200 502 "-" "Mozilla/5.0 (Macintosh; Intel Mac OS X 10_15_7) AppleWebKit/537.36 (KHTML, like Gecko) Chrome/97.0.4692.71 Safari/537.36"
::1 - - [13/Jan/2022:12:38:07 -0500] "GET /users HTTP/1.1" 200 3306 "-" "Mozilla/5.0 (Macintosh; Intel Mac OS X 10_15_7) AppleWebKit/537.36 (KHTML, like Gecko) Chrome/97.0.4692.71 Safari/537.36"
::1 - - [13/Jan/2022:12:39:58 -0500] "GET /users HTTP/1.1" 200 3462 "-" "Mozilla/5.0 (Macintosh; Intel Mac OS X 10_15_7) AppleWebKit/537.36 (KHTML, like Gecko) Chrome/97.0.4692.71 Safari/537.36"
::1 - - [13/Jan/2022:12:42:38 -0500] "GET /users HTTP/1.1" 200 4557 "-" "Mozilla/5.0 (Macintosh; Intel Mac OS X 10_15_7) AppleWebKit/537.36 (KHTML, like Gecko) Chrome/97.0.4692.71 Safari/537.36"
::1 - - [13/Jan/2022:12:45:22 -0500] "GET /users HTTP/1.1" 500 636937 "-" "Mozilla/5.0 (Macintosh; Intel Mac OS X 10_15_7) AppleWebKit/537.36 (KHTML, like Gecko) Chrome/97.0.4692.71 Safari/537.36"
::1 - - [13/Jan/2022:12:45:22 -0500] "GET /_ignition/health-check HTTP/1.1" 200 29 "http://laravel150.localhost/users" "Mozilla/5.0 (Macintosh; Intel Mac OS X 10_15_7) AppleWebKit/537.36 (KHTML, like Gecko) Chrome/97.0.4692.71 Safari/537.36"
::1 - - [13/Jan/2022:12:46:20 -0500] "GET /api/users/3 HTTP/1.1" 500 611279 "-" "Mozilla/5.0 (Macintosh; Intel Mac OS X 10_15_7) AppleWebKit/537.36 (KHTML, like Gecko) Chrome/97.0.4692.71 Safari/537.36"
::1 - - [13/Jan/2022:12:46:37 -0500] "GET /users HTTP/1.1" 200 4557 "-" "Mozilla/5.0 (Macintosh; Intel Mac OS X 10_15_7) AppleWebKit/537.36 (KHTML, like Gecko) Chrome/97.0.4692.71 Safari/537.36"
::1 - - [13/Jan/2022:12:52:28 -0500] "GET /api/users/3 HTTP/1.1" 500 611279 "-" "Mozilla/5.0 (Macintosh; Intel Mac OS X 10_15_7) AppleWebKit/537.36 (KHTML, like Gecko) Chrome/97.0.4692.71 Safari/537.36"
::1 - - [13/Jan/2022:12:52:35 -0500] "GET /api/users/3 HTTP/1.1" 200 168 "-" "Mozilla/5.0 (Macintosh; Intel Mac OS X 10_15_7) AppleWebKit/537.36 (KHTML, like Gecko) Chrome/97.0.4692.71 Safari/537.36"
::1 - - [13/Jan/2022:12:53:35 -0500] "GET /users HTTP/1.1" 200 4557 "-" "Mozilla/5.0 (Macintosh; Intel Mac OS X 10_15_7) AppleWebKit/537.36 (KHTML, like Gecko) Chrome/97.0.4692.71 Safari/537.36"
::1 - - [13/Jan/2022:12:53:44 -0500] "GET /users HTTP/1.1" 200 4499 "-" "Mozilla/5.0 (Macintosh; Intel Mac OS X 10_15_7) AppleWebKit/537.36 (KHTML, like Gecko) Chrome/97.0.4692.71 Safari/537.36"
::1 - - [13/Jan/2022:12:54:02 -0500] "GET /users HTTP/1.1" 500 636979 "-" "Mozilla/5.0 (Macintosh; Intel Mac OS X 10_15_7) AppleWebKit/537.36 (KHTML, like Gecko) Chrome/97.0.4692.71 Safari/537.36"
::1 - - [13/Jan/2022:12:54:02 -0500] "GET /_ignition/health-check HTTP/1.1" 200 29 "http://laravel150.localhost/users" "Mozilla/5.0 (Macintosh; Intel Mac OS X 10_15_7) AppleWebKit/537.36 (KHTML, like Gecko) Chrome/97.0.4692.71 Safari/537.36"
::1 - - [13/Jan/2022:12:56:26 -0500] "GET /users HTTP/1.1" 200 4499 "-" "Mozilla/5.0 (Macintosh; Intel Mac OS X 10_15_7) AppleWebKit/537.36 (KHTML, like Gecko) Chrome/97.0.4692.71 Safari/537.36"
::1 - - [13/Jan/2022:12:56:27 -0500] "GET /users HTTP/1.1" 200 4499 "-" "Mozilla/5.0 (Macintosh; Intel Mac OS X 10_15_7) AppleWebKit/537.36 (KHTML, like Gecko) Chrome/97.0.4692.71 Safari/537.36"
::1 - - [13/Jan/2022:12:57:59 -0500] "GET /users HTTP/1.1" 500 625921 "-" "Mozilla/5.0 (Macintosh; Intel Mac OS X 10_15_7) AppleWebKit/537.36 (KHTML, like Gecko) Chrome/97.0.4692.71 Safari/537.36"
::1 - - [13/Jan/2022:12:59:03 -0500] "GET /users HTTP/1.1" 500 625876 "-" "Mozilla/5.0 (Macintosh; Intel Mac OS X 10_15_7) AppleWebKit/537.36 (KHTML, like Gecko) Chrome/97.0.4692.71 Safari/537.36"
::1 - - [13/Jan/2022:12:59:16 -0500] "GET /users HTTP/1.1" 500 626421 "-" "Mozilla/5.0 (Macintosh; Intel Mac OS X 10_15_7) AppleWebKit/537.36 (KHTML, like Gecko) Chrome/97.0.4692.71 Safari/537.36"
::1 - - [13/Jan/2022:12:59:16 -0500] "GET /_ignition/health-check HTTP/1.1" 200 29 "http://laravel150.localhost/users" "Mozilla/5.0 (Macintosh; Intel Mac OS X 10_15_7) AppleWebKit/537.36 (KHTML, like Gecko) Chrome/97.0.4692.71 Safari/537.36"
::1 - - [13/Jan/2022:12:59:33 -0500] "GET /users HTTP/1.1" 500 626371 "-" "Mozilla/5.0 (Macintosh; Intel Mac OS X 10_15_7) AppleWebKit/537.36 (KHTML, like Gecko) Chrome/97.0.4692.71 Safari/537.36"
::1 - - [13/Jan/2022:12:59:33 -0500] "GET /_ignition/health-check HTTP/1.1" 200 29 "http://laravel150.localhost/users" "Mozilla/5.0 (Macintosh; Intel Mac OS X 10_15_7) AppleWebKit/537.36 (KHTML, like Gecko) Chrome/97.0.4692.71 Safari/537.36"
::1 - - [13/Jan/2022:13:00:09 -0500] "GET /users HTTP/1.1" 500 626417 "-" "Mozilla/5.0 (Macintosh; Intel Mac OS X 10_15_7) AppleWebKit/537.36 (KHTML, like Gecko) Chrome/97.0.4692.71 Safari/537.36"
::1 - - [13/Jan/2022:13:00:09 -0500] "GET /_ignition/health-check HTTP/1.1" 200 29 "http://laravel150.localhost/users" "Mozilla/5.0 (Macintosh; Intel Mac OS X 10_15_7) AppleWebKit/537.36 (KHTML, like Gecko) Chrome/97.0.4692.71 Safari/537.36"
::1 - - [13/Jan/2022:13:00:28 -0500] "GET /users HTTP/1.1" 200 4499 "-" "Mozilla/5.0 (Macintosh; Intel Mac OS X 10_15_7) AppleWebKit/537.36 (KHTML, like Gecko) Chrome/97.0.4692.71 Safari/537.36"
::1 - - [13/Jan/2022:13:00:39 -0500] "GET /users HTTP/1.1" 200 4499 "-" "Mozilla/5.0 (Macintosh; Intel Mac OS X 10_15_7) AppleWebKit/537.36 (KHTML, like Gecko) Chrome/97.0.4692.71 Safari/537.36"
::1 - - [13/Jan/2022:13:00:41 -0500] "GET /users HTTP/1.1" 200 4499 "-" "Mozilla/5.0 (Macintosh; Intel Mac OS X 10_15_7) AppleWebKit/537.36 (KHTML, like Gecko) Chrome/97.0.4692.71 Safari/537.36"
::1 - - [13/Jan/2022:13:00:41 -0500] "GET /users HTTP/1.1" 200 4499 "-" "Mozilla/5.0 (Macintosh; Intel Mac OS X 10_15_7) AppleWebKit/537.36 (KHTML, like Gecko) Chrome/97.0.4692.71 Safari/537.36"
::1 - - [13/Jan/2022:13:00:52 -0500] "GET /users HTTP/1.1" 500 625927 "-" "Mozilla/5.0 (Macintosh; Intel Mac OS X 10_15_7) AppleWebKit/537.36 (KHTML, like Gecko) Chrome/97.0.4692.71 Safari/537.36"
::1 - - [13/Jan/2022:13:01:03 -0500] "GET /users HTTP/1.1" 200 4499 "-" "Mozilla/5.0 (Macintosh; Intel Mac OS X 10_15_7) AppleWebKit/537.36 (KHTML, like Gecko) Chrome/97.0.4692.71 Safari/537.36"
::1 - - [13/Jan/2022:13:01:15 -0500] "GET /users HTTP/1.1" 500 625922 "-" "Mozilla/5.0 (Macintosh; Intel Mac OS X 10_15_7) AppleWebKit/537.36 (KHTML, like Gecko) Chrome/97.0.4692.71 Safari/537.36"
::1 - - [13/Jan/2022:13:01:50 -0500] "GET /users HTTP/1.1" 500 626425 "-" "Mozilla/5.0 (Macintosh; Intel Mac OS X 10_15_7) AppleWebKit/537.36 (KHTML, like Gecko) Chrome/97.0.4692.71 Safari/537.36"
::1 - - [13/Jan/2022:13:01:51 -0500] "GET /_ignition/health-check HTTP/1.1" 200 29 "http://laravel150.localhost/users" "Mozilla/5.0 (Macintosh; Intel Mac OS X 10_15_7) AppleWebKit/537.36 (KHTML, like Gecko) Chrome/97.0.4692.71 Safari/537.36"
::1 - - [13/Jan/2022:13:03:25 -0500] "GET /api/users/3 HTTP/1.1" 200 3 "-" "Mozilla/5.0 (Macintosh; Intel Mac OS X 10_15_7) AppleWebKit/537.36 (KHTML, like Gecko) Chrome/97.0.4692.71 Safari/537.36"
::1 - - [13/Jan/2022:13:03:39 -0500] "GET /api/users HTTP/1.1" 200 502 "-" "Mozilla/5.0 (Macintosh; Intel Mac OS X 10_15_7) AppleWebKit/537.36 (KHTML, like Gecko) Chrome/97.0.4692.71 Safari/537.36"
::1 - - [13/Jan/2022:13:05:43 -0500] "GET /api/users HTTP/1.1" 500 595885 "-" "Mozilla/5.0 (Macintosh; Intel Mac OS X 10_15_7) AppleWebKit/537.36 (KHTML, like Gecko) Chrome/97.0.4692.71 Safari/537.36"
::1 - - [13/Jan/2022:13:05:49 -0500] "GET /api/users/3 HTTP/1.1" 200 3 "-" "Mozilla/5.0 (Macintosh; Intel Mac OS X 10_15_7) AppleWebKit/537.36 (KHTML, like Gecko) Chrome/97.0.4692.71 Safari/537.36"
::1 - - [13/Jan/2022:13:07:02 -0500] "GET / HTTP/1.1" 200 2642 "-" "Mozilla/5.0 (Macintosh; Intel Mac OS X 10_15_7) AppleWebKit/537.36 (KHTML, like Gecko) Chrome/97.0.4692.71 Safari/537.36"
::1 - - [13/Jan/2022:13:07:34 -0500] "GET / HTTP/1.1" 500 3116 "-" "Mozilla/5.0 (Macintosh; Intel Mac OS X 10_15_7) AppleWebKit/537.36 (KHTML, like Gecko) Chrome/97.0.4692.71 Safari/537.36"
::1 - - [13/Jan/2022:13:09:26 -0500] "GET / HTTP/1.1" 200 2642 "-" "Mozilla/5.0 (Macintosh; Intel Mac OS X 10_15_7) AppleWebKit/537.36 (KHTML, like Gecko) Chrome/97.0.4692.71 Safari/537.36"
::1 - - [13/Jan/2022:13:09:54 -0500] "GET / HTTP/1.1" 200 2642 "-" "Mozilla/5.0 (Macintosh; Intel Mac OS X 10_15_7) AppleWebKit/537.36 (KHTML, like Gecko) Chrome/97.0.4692.71 Safari/537.36"
::1 - - [13/Jan/2022:13:10:52 -0500] "GET / HTTP/1.1" 200 1218 "-" "Mozilla/5.0 (Macintosh; Intel Mac OS X 10_15_7) AppleWebKit/537.36 (KHTML, like Gecko) Chrome/97.0.4692.71 Safari/537.36"
::1 - - [13/Jan/2022:13:11:47 -0500] "GET / HTTP/1.1" 200 1218 "-" "Mozilla/5.0 (Macintosh; Intel Mac OS X 10_15_7) AppleWebKit/537.36 (KHTML, like Gecko) Chrome/97.0.4692.71 Safari/537.36"
::1 - - [13/Jan/2022:13:12:29 -0500] "GET / HTTP/1.1" 200 1218 "-" "Mozilla/5.0 (Macintosh; Intel Mac OS X 10_15_7) AppleWebKit/537.36 (KHTML, like Gecko) Chrome/97.0.4692.71 Safari/537.36"
::1 - - [13/Jan/2022:13:13:07 -0500] "GET / HTTP/1.1" 200 2642 "-" "Mozilla/5.0 (Macintosh; Intel Mac OS X 10_15_7) AppleWebKit/537.36 (KHTML, like Gecko) Chrome/97.0.4692.71 Safari/537.36"
::1 - - [13/Jan/2022:13:13:18 -0500] "GET / HTTP/1.1" 200 2642 "-" "Mozilla/5.0 (Macintosh; Intel Mac OS X 10_15_7) AppleWebKit/537.36 (KHTML, like Gecko) Chrome/97.0.4692.71 Safari/537.36"
::1 - - [13/Jan/2022:13:13:19 -0500] "GET / HTTP/1.1" 200 2642 "-" "Mozilla/5.0 (Macintosh; Intel Mac OS X 10_15_7) AppleWebKit/537.36 (KHTML, like Gecko) Chrome/97.0.4692.71 Safari/537.36"
::1 - - [13/Jan/2022:13:13:19 -0500] "GET / HTTP/1.1" 200 2642 "-" "Mozilla/5.0 (Macintosh; Intel Mac OS X 10_15_7) AppleWebKit/537.36 (KHTML, like Gecko) Chrome/97.0.4692.71 Safari/537.36"
::1 - - [13/Jan/2022:13:13:20 -0500] "GET / HTTP/1.1" 200 2642 "-" "Mozilla/5.0 (Macintosh; Intel Mac OS X 10_15_7) AppleWebKit/537.36 (KHTML, like Gecko) Chrome/97.0.4692.71 Safari/537.36"
::1 - - [13/Jan/2022:13:13:20 -0500] "GET / HTTP/1.1" 200 2642 "-" "Mozilla/5.0 (Macintosh; Intel Mac OS X 10_15_7) AppleWebKit/537.36 (KHTML, like Gecko) Chrome/97.0.4692.71 Safari/537.36"
::1 - - [13/Jan/2022:13:13:56 -0500] "GET / HTTP/1.1" 200 2642 "-" "Mozilla/5.0 (Macintosh; Intel Mac OS X 10_15_7) AppleWebKit/537.36 (KHTML, like Gecko) Chrome/97.0.4692.71 Safari/537.36"
::1 - - [13/Jan/2022:13:13:57 -0500] "GET / HTTP/1.1" 200 2642 "-" "Mozilla/5.0 (Macintosh; Intel Mac OS X 10_15_7) AppleWebKit/537.36 (KHTML, like Gecko) Chrome/97.0.4692.71 Safari/537.36"
::1 - - [13/Jan/2022:13:13:57 -0500] "GET / HTTP/1.1" 200 2642 "-" "Mozilla/5.0 (Macintosh; Intel Mac OS X 10_15_7) AppleWebKit/537.36 (KHTML, like Gecko) Chrome/97.0.4692.71 Safari/537.36"
::1 - - [13/Jan/2022:13:14:28 -0500] "GET / HTTP/1.1" 200 2642 "-" "Mozilla/5.0 (Macintosh; Intel Mac OS X 10_15_7) AppleWebKit/537.36 (KHTML, like Gecko) Chrome/97.0.4692.71 Safari/537.36"
::1 - - [13/Jan/2022:13:14:37 -0500] "GET / HTTP/1.1" 200 2642 "-" "Mozilla/5.0 (Macintosh; Intel Mac OS X 10_15_7) AppleWebKit/537.36 (KHTML, like Gecko) Chrome/97.0.4692.71 Safari/537.36"
::1 - - [13/Jan/2022:13:14:49 -0500] "GET / HTTP/1.1" 200 2642 "-" "Mozilla/5.0 (Macintosh; Intel Mac OS X 10_15_7) AppleWebKit/537.36 (KHTML, like Gecko) Chrome/97.0.4692.71 Safari/537.36"
::1 - - [13/Jan/2022:13:15:18 -0500] "GET / HTTP/1.1" 200 2642 "-" "Mozilla/5.0 (Macintosh; Intel Mac OS X 10_15_7) AppleWebKit/537.36 (KHTML, like Gecko) Chrome/97.0.4692.71 Safari/537.36"
::1 - - [13/Jan/2022:13:15:21 -0500] "GET / HTTP/1.1" 200 2642 "-" "Mozilla/5.0 (Macintosh; Intel Mac OS X 10_15_7) AppleWebKit/537.36 (KHTML, like Gecko) Chrome/97.0.4692.71 Safari/537.36"
::1 - - [13/Jan/2022:13:15:22 -0500] "GET / HTTP/1.1" 200 2642 "-" "Mozilla/5.0 (Macintosh; Intel Mac OS X 10_15_7) AppleWebKit/537.36 (KHTML, like Gecko) Chrome/97.0.4692.71 Safari/537.36"
::1 - - [13/Jan/2022:13:16:19 -0500] "GET / HTTP/1.1" 200 1218 "-" "Mozilla/5.0 (Macintosh; Intel Mac OS X 10_15_7) AppleWebKit/537.36 (KHTML, like Gecko) Chrome/97.0.4692.71 Safari/537.36"
::1 - - [13/Jan/2022:13:16:55 -0500] "GET / HTTP/1.1" 200 2642 "-" "Mozilla/5.0 (Macintosh; Intel Mac OS X 10_15_7) AppleWebKit/537.36 (KHTML, like Gecko) Chrome/97.0.4692.71 Safari/537.36"
::1 - - [13/Jan/2022:13:17:03 -0500] "GET / HTTP/1.1" 200 2642 "-" "Mozilla/5.0 (Macintosh; Intel Mac OS X 10_15_7) AppleWebKit/537.36 (KHTML, like Gecko) Chrome/97.0.4692.71 Safari/537.36"
::1 - - [13/Jan/2022:13:17:39 -0500] "GET /users HTTP/1.1" 500 626357 "-" "Mozilla/5.0 (Macintosh; Intel Mac OS X 10_15_7) AppleWebKit/537.36 (KHTML, like Gecko) Chrome/97.0.4692.71 Safari/537.36"
::1 - - [13/Jan/2022:13:17:40 -0500] "GET /_ignition/health-check HTTP/1.1" 200 29 "http://laravel150.localhost/users" "Mozilla/5.0 (Macintosh; Intel Mac OS X 10_15_7) AppleWebKit/537.36 (KHTML, like Gecko) Chrome/97.0.4692.71 Safari/537.36"
::1 - - [13/Jan/2022:13:17:41 -0500] "GET /api/users/3 HTTP/1.1" 200 3 "-" "Mozilla/5.0 (Macintosh; Intel Mac OS X 10_15_7) AppleWebKit/537.36 (KHTML, like Gecko) Chrome/97.0.4692.71 Safari/537.36"
::1 - - [13/Jan/2022:13:17:42 -0500] "GET /api/users HTTP/1.1" 500 595885 "-" "Mozilla/5.0 (Macintosh; Intel Mac OS X 10_15_7) AppleWebKit/537.36 (KHTML, like Gecko) Chrome/97.0.4692.71 Safari/537.36"
::1 - - [13/Jan/2022:14:38:05 -0500] "GET / HTTP/1.1" 200 2642 "-" "Mozilla/5.0 (Macintosh; Intel Mac OS X 10_15_7) AppleWebKit/537.36 (KHTML, like Gecko) Chrome/97.0.4692.71 Safari/537.36"
::1 - - [13/Jan/2022:14:39:10 -0500] "GET / HTTP/1.1" 500 542604 "-" "Mozilla/5.0 (Macintosh; Intel Mac OS X 10_15_7) AppleWebKit/537.36 (KHTML, like Gecko) Chrome/97.0.4692.71 Safari/537.36"
::1 - - [13/Jan/2022:14:55:42 -0500] "GET / HTTP/1.1" 500 - "-" "Mozilla/5.0 (Macintosh; Intel Mac OS X 10_15_7) AppleWebKit/537.36 (KHTML, like Gecko) Chrome/97.0.4692.71 Safari/537.36"
::1 - - [13/Jan/2022:14:55:45 -0500] "GET /api/users HTTP/1.1" 500 - "-" "Mozilla/5.0 (Macintosh; Intel Mac OS X 10_15_7) AppleWebKit/537.36 (KHTML, like Gecko) Chrome/97.0.4692.71 Safari/537.36"
::1 - - [13/Jan/2022:14:55:47 -0500] "GET /api/users/3 HTTP/1.1" 500 - "-" "Mozilla/5.0 (Macintosh; Intel Mac OS X 10_15_7) AppleWebKit/537.36 (KHTML, like Gecko) Chrome/97.0.4692.71 Safari/537.36"
::1 - - [13/Jan/2022:14:56:00 -0500] "GET / HTTP/1.1" 500 542604 "-" "Mozilla/5.0 (Macintosh; Intel Mac OS X 10_15_7) AppleWebKit/537.36 (KHTML, like Gecko) Chrome/97.0.4692.71 Safari/537.36"
::1 - - [13/Jan/2022:14:56:01 -0500] "GET /api/users HTTP/1.1" 500 542614 "-" "Mozilla/5.0 (Macintosh; Intel Mac OS X 10_15_7) AppleWebKit/537.36 (KHTML, like Gecko) Chrome/97.0.4692.71 Safari/537.36"
::1 - - [13/Jan/2022:14:56:03 -0500] "GET /api/users/3 HTTP/1.1" 500 542617 "-" "Mozilla/5.0 (Macintosh; Intel Mac OS X 10_15_7) AppleWebKit/537.36 (KHTML, like Gecko) Chrome/97.0.4692.71 Safari/537.36"
::1 - - [13/Jan/2022:14:57:59 -0500] "GET / HTTP/1.1" 500 - "-" "Mozilla/5.0 (Macintosh; Intel Mac OS X 10_15_7) AppleWebKit/537.36 (KHTML, like Gecko) Chrome/97.0.4692.71 Safari/537.36"
::1 - - [13/Jan/2022:14:58:00 -0500] "GET /api/users HTTP/1.1" 500 - "-" "Mozilla/5.0 (Macintosh; Intel Mac OS X 10_15_7) AppleWebKit/537.36 (KHTML, like Gecko) Chrome/97.0.4692.71 Safari/537.36"
::1 - - [13/Jan/2022:14:58:01 -0500] "GET /api/users/3 HTTP/1.1" 500 - "-" "Mozilla/5.0 (Macintosh; Intel Mac OS X 10_15_7) AppleWebKit/537.36 (KHTML, like Gecko) Chrome/97.0.4692.71 Safari/537.36"
::1 - - [13/Jan/2022:14:58:02 -0500] "GET /users HTTP/1.1" 500 - "-" "Mozilla/5.0 (Macintosh; Intel Mac OS X 10_15_7) AppleWebKit/537.36 (KHTML, like Gecko) Chrome/97.0.4692.71 Safari/537.36"
::1 - - [13/Jan/2022:15:21:31 -0500] "GET / HTTP/1.1" 500 - "-" "Mozilla/5.0 (Macintosh; Intel Mac OS X 10_15_7) AppleWebKit/537.36 (KHTML, like Gecko) Chrome/97.0.4692.71 Safari/537.36"
::1 - - [13/Jan/2022:15:22:19 -0500] "GET / HTTP/1.1" 500 - "-" "Mozilla/5.0 (Macintosh; Intel Mac OS X 10_15_7) AppleWebKit/537.36 (KHTML, like Gecko) Chrome/97.0.4692.71 Safari/537.36"
::1 - - [13/Jan/2022:15:23:11 -0500] "GET / HTTP/1.1" 500 - "-" "Mozilla/5.0 (Macintosh; Intel Mac OS X 10_15_7) AppleWebKit/537.36 (KHTML, like Gecko) Chrome/97.0.4692.71 Safari/537.36"
::1 - - [13/Jan/2022:15:23:47 -0500] "GET / HTTP/1.1" 500 - "-" "Mozilla/5.0 (Macintosh; Intel Mac OS X 10_15_7) AppleWebKit/537.36 (KHTML, like Gecko) Chrome/97.0.4692.71 Safari/537.36"
::1 - - [13/Jan/2022:15:26:22 -0500] "GET / HTTP/1.1" 500 542604 "-" "Mozilla/5.0 (Macintosh; Intel Mac OS X 10_15_7) AppleWebKit/537.36 (KHTML, like Gecko) Chrome/97.0.4692.71 Safari/537.36"
::1 - - [13/Jan/2022:15:41:29 -0500] "GET / HTTP/1.1" 200 2642 "-" "Mozilla/5.0 (Macintosh; Intel Mac OS X 10_15_7) AppleWebKit/537.36 (KHTML, like Gecko) Chrome/97.0.4692.71 Safari/537.36"
::1 - - [13/Jan/2022:15:41:47 -0500] "GET /api/users HTTP/1.1" 500 595885 "-" "Mozilla/5.0 (Macintosh; Intel Mac OS X 10_15_7) AppleWebKit/537.36 (KHTML, like Gecko) Chrome/97.0.4692.71 Safari/537.36"
::1 - - [13/Jan/2022:15:48:51 -0500] "GET /api/users HTTP/1.1" 200 502 "-" "Mozilla/5.0 (Macintosh; Intel Mac OS X 10_15_7) AppleWebKit/537.36 (KHTML, like Gecko) Chrome/97.0.4692.71 Safari/537.36"
::1 - - [13/Jan/2022:15:49:47 -0500] "GET /api/users/3 HTTP/1.1" 200 3 "-" "Mozilla/5.0 (Macintosh; Intel Mac OS X 10_15_7) AppleWebKit/537.36 (KHTML, like Gecko) Chrome/97.0.4692.71 Safari/537.36"
::1 - - [13/Jan/2022:15:49:54 -0500] "GET /api/users/2 HTTP/1.1" 200 3 "-" "Mozilla/5.0 (Macintosh; Intel Mac OS X 10_15_7) AppleWebKit/537.36 (KHTML, like Gecko) Chrome/97.0.4692.71 Safari/537.36"
::1 - - [13/Jan/2022:15:54:49 -0500] "GET /api/users/2 HTTP/1.1" 200 161 "-" "Mozilla/5.0 (Macintosh; Intel Mac OS X 10_15_7) AppleWebKit/537.36 (KHTML, like Gecko) Chrome/97.0.4692.71 Safari/537.36"
::1 - - [13/Jan/2022:15:55:30 -0500] "GET /api/users/2 HTTP/1.1" 200 161 "-" "Mozilla/5.0 (Macintosh; Intel Mac OS X 10_15_7) AppleWebKit/537.36 (KHTML, like Gecko) Chrome/97.0.4692.71 Safari/537.36"
::1 - - [13/Jan/2022:15:57:41 -0500] "GET /users HTTP/1.1" 500 626357 "-" "Mozilla/5.0 (Macintosh; Intel Mac OS X 10_15_7) AppleWebKit/537.36 (KHTML, like Gecko) Chrome/97.0.4692.71 Safari/537.36"
::1 - - [13/Jan/2022:15:57:42 -0500] "GET /_ignition/health-check HTTP/1.1" 200 29 "http://laravel150.localhost/users" "Mozilla/5.0 (Macintosh; Intel Mac OS X 10_15_7) AppleWebKit/537.36 (KHTML, like Gecko) Chrome/97.0.4692.71 Safari/537.36"
::1 - - [19/Jan/2022:12:38:04 -0500] "GET / HTTP/1.1" 200 2642 "-" "Mozilla/5.0 (Macintosh; Intel Mac OS X 10_15_7) AppleWebKit/537.36 (KHTML, like Gecko) Chrome/97.0.4692.71 Safari/537.36"
::1 - - [19/Jan/2022:12:38:07 -0500] "GET /home HTTP/1.1" 200 3323 "http://laravel150.localhost/" "Mozilla/5.0 (Macintosh; Intel Mac OS X 10_15_7) AppleWebKit/537.36 (KHTML, like Gecko) Chrome/97.0.4692.71 Safari/537.36"
::1 - - [19/Jan/2022:12:38:07 -0500] "GET /css/app.css HTTP/1.1" 200 183949 "http://laravel150.localhost/home" "Mozilla/5.0 (Macintosh; Intel Mac OS X 10_15_7) AppleWebKit/537.36 (KHTML, like Gecko) Chrome/97.0.4692.71 Safari/537.36"
::1 - - [19/Jan/2022:12:38:07 -0500] "GET /js/app.js HTTP/1.1" 200 1126734 "http://laravel150.localhost/home" "Mozilla/5.0 (Macintosh; Intel Mac OS X 10_15_7) AppleWebKit/537.36 (KHTML, like Gecko) Chrome/97.0.4692.71 Safari/537.36"
::1 - - [19/Jan/2022:13:13:43 -0500] "GET /users HTTP/1.1" 500 626318 "-" "Mozilla/5.0 (Macintosh; Intel Mac OS X 10_15_7) AppleWebKit/537.36 (KHTML, like Gecko) Chrome/97.0.4692.71 Safari/537.36"
::1 - - [19/Jan/2022:13:13:43 -0500] "GET /_ignition/health-check HTTP/1.1" 200 29 "http://laravel150.localhost/users" "Mozilla/5.0 (Macintosh; Intel Mac OS X 10_15_7) AppleWebKit/537.36 (KHTML, like Gecko) Chrome/97.0.4692.71 Safari/537.36"
::1 - - [19/Jan/2022:13:14:11 -0500] "GET /api/users HTTP/1.1" 500 36377 "-" "Mozilla/5.0 (Macintosh; Intel Mac OS X 10_15_7) AppleWebKit/537.36 (KHTML, like Gecko) Chrome/97.0.4692.71 Safari/537.36"
::1 - - [19/Jan/2022:13:14:31 -0500] "GET /api/users HTTP/1.1" 200 8597 "-" "Mozilla/5.0 (Macintosh; Intel Mac OS X 10_15_7) AppleWebKit/537.36 (KHTML, like Gecko) Chrome/97.0.4692.71 Safari/537.36"
::1 - - [19/Jan/2022:13:14:45 -0500] "GET /api/users HTTP/1.1" 200 8602 "-" "Mozilla/5.0 (Macintosh; Intel Mac OS X 10_15_7) AppleWebKit/537.36 (KHTML, like Gecko) Chrome/97.0.4692.71 Safari/537.36"
::1 - - [19/Jan/2022:13:16:01 -0500] "GET /api/users HTTP/1.1" 200 944 "-" "Mozilla/5.0 (Macintosh; Intel Mac OS X 10_15_7) AppleWebKit/537.36 (KHTML, like Gecko) Chrome/97.0.4692.71 Safari/537.36"
::1 - - [19/Jan/2022:13:22:12 -0500] "GET /api/users HTTP/1.1" 500 597767 "-" "Mozilla/5.0 (Macintosh; Intel Mac OS X 10_15_7) AppleWebKit/537.36 (KHTML, like Gecko) Chrome/97.0.4692.71 Safari/537.36"
::1 - - [19/Jan/2022:13:22:34 -0500] "GET /api/users HTTP/1.1" 500 1558 "-" "Mozilla/5.0 (Macintosh; Intel Mac OS X 10_15_7) AppleWebKit/537.36 (KHTML, like Gecko) Chrome/97.0.4692.71 Safari/537.36"
::1 - - [19/Jan/2022:13:27:11 -0500] "GET /api/users HTTP/1.1" 500 1558 "-" "Mozilla/5.0 (Macintosh; Intel Mac OS X 10_15_7) AppleWebKit/537.36 (KHTML, like Gecko) Chrome/97.0.4692.71 Safari/537.36"
::1 - - [19/Jan/2022:13:27:22 -0500] "GET /api/users HTTP/1.1" 500 597764 "-" "Mozilla/5.0 (Macintosh; Intel Mac OS X 10_15_7) AppleWebKit/537.36 (KHTML, like Gecko) Chrome/97.0.4692.71 Safari/537.36"
::1 - - [19/Jan/2022:13:27:45 -0500] "GET /api/users HTTP/1.1" 500 597768 "-" "Mozilla/5.0 (Macintosh; Intel Mac OS X 10_15_7) AppleWebKit/537.36 (KHTML, like Gecko) Chrome/97.0.4692.71 Safari/537.36"
::1 - - [19/Jan/2022:13:31:33 -0500] "GET /api/users HTTP/1.1" 500 597767 "-" "Mozilla/5.0 (Macintosh; Intel Mac OS X 10_15_7) AppleWebKit/537.36 (KHTML, like Gecko) Chrome/97.0.4692.71 Safari/537.36"
::1 - - [19/Jan/2022:13:31:36 -0500] "GET /api/users HTTP/1.1" 500 597765 "-" "Mozilla/5.0 (Macintosh; Intel Mac OS X 10_15_7) AppleWebKit/537.36 (KHTML, like Gecko) Chrome/97.0.4692.71 Safari/537.36"
::1 - - [19/Jan/2022:13:31:42 -0500] "GET /api/users HTTP/1.1" 500 1558 "-" "Mozilla/5.0 (Macintosh; Intel Mac OS X 10_15_7) AppleWebKit/537.36 (KHTML, like Gecko) Chrome/97.0.4692.71 Safari/537.36"
::1 - - [19/Jan/2022:13:31:50 -0500] "GET /api/users HTTP/1.1" 500 597763 "-" "Mozilla/5.0 (Macintosh; Intel Mac OS X 10_15_7) AppleWebKit/537.36 (KHTML, like Gecko) Chrome/97.0.4692.71 Safari/537.36"
::1 - - [19/Jan/2022:13:32:24 -0500] "GET /api/users HTTP/1.1" 500 597768 "-" "Mozilla/5.0 (Macintosh; Intel Mac OS X 10_15_7) AppleWebKit/537.36 (KHTML, like Gecko) Chrome/97.0.4692.71 Safari/537.36"
::1 - - [19/Jan/2022:13:45:59 -0500] "GET /api/users HTTP/1.1" 500 597767 "-" "Mozilla/5.0 (Macintosh; Intel Mac OS X 10_15_7) AppleWebKit/537.36 (KHTML, like Gecko) Chrome/97.0.4692.71 Safari/537.36"
::1 - - [19/Jan/2022:13:47:46 -0500] "GET /api/users HTTP/1.1" 500 597847 "-" "Mozilla/5.0 (Macintosh; Intel Mac OS X 10_15_7) AppleWebKit/537.36 (KHTML, like Gecko) Chrome/97.0.4692.71 Safari/537.36"
::1 - - [19/Jan/2022:13:47:55 -0500] "GET /api/users HTTP/1.1" 500 597869 "-" "Mozilla/5.0 (Macintosh; Intel Mac OS X 10_15_7) AppleWebKit/537.36 (KHTML, like Gecko) Chrome/97.0.4692.71 Safari/537.36"
::1 - - [19/Jan/2022:13:48:29 -0500] "GET /api/users HTTP/1.1" 500 597821 "-" "Mozilla/5.0 (Macintosh; Intel Mac OS X 10_15_7) AppleWebKit/537.36 (KHTML, like Gecko) Chrome/97.0.4692.71 Safari/537.36"
::1 - - [19/Jan/2022:13:49:27 -0500] "GET /api/users HTTP/1.1" 200 277 "-" "Mozilla/5.0 (Macintosh; Intel Mac OS X 10_15_7) AppleWebKit/537.36 (KHTML, like Gecko) Chrome/97.0.4692.71 Safari/537.36"
::1 - - [19/Jan/2022:13:49:56 -0500] "GET /api/users HTTP/1.1" 500 597841 "-" "Mozilla/5.0 (Macintosh; Intel Mac OS X 10_15_7) AppleWebKit/537.36 (KHTML, like Gecko) Chrome/97.0.4692.71 Safari/537.36"
::1 - - [19/Jan/2022:13:50:20 -0500] "GET /api/users HTTP/1.1" 200 3 "-" "Mozilla/5.0 (Macintosh; Intel Mac OS X 10_15_7) AppleWebKit/537.36 (KHTML, like Gecko) Chrome/97.0.4692.71 Safari/537.36"
::1 - - [19/Jan/2022:13:50:37 -0500] "GET /api/users HTTP/1.1" 200 21 "-" "Mozilla/5.0 (Macintosh; Intel Mac OS X 10_15_7) AppleWebKit/537.36 (KHTML, like Gecko) Chrome/97.0.4692.71 Safari/537.36"
::1 - - [19/Jan/2022:13:50:47 -0500] "GET /api/users HTTP/1.1" 200 818 "-" "Mozilla/5.0 (Macintosh; Intel Mac OS X 10_15_7) AppleWebKit/537.36 (KHTML, like Gecko) Chrome/97.0.4692.71 Safari/537.36"
::1 - - [19/Jan/2022:13:51:14 -0500] "GET /api/users HTTP/1.1" 200 16 "-" "Mozilla/5.0 (Macintosh; Intel Mac OS X 10_15_7) AppleWebKit/537.36 (KHTML, like Gecko) Chrome/97.0.4692.71 Safari/537.36"
::1 - - [19/Jan/2022:13:51:47 -0500] "GET /api/users HTTP/1.1" 200 19 "-" "Mozilla/5.0 (Macintosh; Intel Mac OS X 10_15_7) AppleWebKit/537.36 (KHTML, like Gecko) Chrome/97.0.4692.71 Safari/537.36"
::1 - - [19/Jan/2022:13:52:03 -0500] "GET /api/users HTTP/1.1" 200 22 "-" "Mozilla/5.0 (Macintosh; Intel Mac OS X 10_15_7) AppleWebKit/537.36 (KHTML, like Gecko) Chrome/97.0.4692.71 Safari/537.36"
::1 - - [19/Jan/2022:13:52:19 -0500] "GET /api/users HTTP/1.1" 200 28 "-" "Mozilla/5.0 (Macintosh; Intel Mac OS X 10_15_7) AppleWebKit/537.36 (KHTML, like Gecko) Chrome/97.0.4692.71 Safari/537.36"
::1 - - [19/Jan/2022:13:52:33 -0500] "GET /api/users HTTP/1.1" 200 530 "-" "Mozilla/5.0 (Macintosh; Intel Mac OS X 10_15_7) AppleWebKit/537.36 (KHTML, like Gecko) Chrome/97.0.4692.71 Safari/537.36"
::1 - - [19/Jan/2022:13:52:56 -0500] "GET /api/users HTTP/1.1" 200 502 "-" "Mozilla/5.0 (Macintosh; Intel Mac OS X 10_15_7) AppleWebKit/537.36 (KHTML, like Gecko) Chrome/97.0.4692.71 Safari/537.36"
::1 - - [19/Jan/2022:13:53:45 -0500] "GET /api/users HTTP/1.1" 200 532 "-" "Mozilla/5.0 (Macintosh; Intel Mac OS X 10_15_7) AppleWebKit/537.36 (KHTML, like Gecko) Chrome/97.0.4692.71 Safari/537.36"
::1 - - [19/Jan/2022:13:55:12 -0500] "GET /api/users HTTP/1.1" 200 534 "-" "Mozilla/5.0 (Macintosh; Intel Mac OS X 10_15_7) AppleWebKit/537.36 (KHTML, like Gecko) Chrome/97.0.4692.71 Safari/537.36"
::1 - - [19/Jan/2022:13:56:21 -0500] "GET /api/users HTTP/1.1" 200 526 "-" "Mozilla/5.0 (Macintosh; Intel Mac OS X 10_15_7) AppleWebKit/537.36 (KHTML, like Gecko) Chrome/97.0.4692.71 Safari/537.36"
::1 - - [19/Jan/2022:13:56:35 -0500] "GET /api/users HTTP/1.1" 500 597972 "-" "Mozilla/5.0 (Macintosh; Intel Mac OS X 10_15_7) AppleWebKit/537.36 (KHTML, like Gecko) Chrome/97.0.4692.71 Safari/537.36"
